<?xml version="1.0" encoding="UTF-8"?>
<!-- Generated by org.testng.reporters.JUnitXMLReporter -->
<testsuite ignored="0" hostname="DESKTOP-IVS0SS3" failures="0" tests="4" name="Surefire test" time="0.042" errors="0" timestamp="2024-11-01T07:06:01 IST">
  <testcase classname="Groups.GroupTest" name="test1" time="0.01"/>
  <testcase classname="Groups.GroupTest" name="test2" time="0.0"/>
  <testcase classname="Groups.GroupTest" name="test3" time="0.0"/>
  <testcase classname="Groups.GroupTest" name="test4" time="0.0"/>
</testsuite> <!-- Surefire test -->
