<?xml version="1.0" encoding="UTF-8"?>
<!-- Generated by org.testng.reporters.JUnitXMLReporter -->
<testsuite ignored="0" hostname="VijayTYSS" failures="0" tests="4" name="Test2" time="0.032" errors="0" timestamp="2023-10-17T15:11:40 IST">
  <testcase classname="ParallelCheck.test3" name="method1" time="0.002"/>
  <testcase classname="ParallelCheck.test3" name="method2" time="0.003"/>
  <testcase classname="ParallelCheck.test3" name="method3" time="0.002"/>
  <testcase classname="ParallelCheck.test3" name="method4" time="0.003"/>
</testsuite> <!-- Test2 -->
