<?xml version="1.0" encoding="UTF-8"?>
<!-- Generated by org.testng.reporters.JUnitXMLReporter -->
<testsuite ignored="0" hostname="VijayTYSS" failures="0" tests="12" name="Test" time="0.349" errors="0" timestamp="2023-10-17T15:11:40 IST">
  <testcase classname="ParallelCheck.test1" name="method1" time="0.078"/>
  <testcase classname="ParallelCheck.test2" name="method1" time="0.075"/>
  <testcase classname="ParallelCheck.test3" name="method1" time="0.073"/>
  <testcase classname="ParallelCheck.test2" name="method2" time="0.019"/>
  <testcase classname="ParallelCheck.test1" name="method2" time="0.019"/>
  <testcase classname="ParallelCheck.test3" name="method2" time="0.019"/>
  <testcase classname="ParallelCheck.test3" name="method3" time="0.035"/>
  <testcase classname="ParallelCheck.test2" name="method3" time="0.05"/>
  <testcase classname="ParallelCheck.test1" name="method3" time="0.036"/>
  <testcase classname="ParallelCheck.test1" name="method4" time="0.005"/>
  <testcase classname="ParallelCheck.test2" name="method4" time="0.013"/>
  <testcase classname="ParallelCheck.test3" name="method4" time="0.023"/>
</testsuite> <!-- Test -->
