<?xml version="1.0" encoding="UTF-8"?>
<!-- Generated by org.testng.reporters.JUnitXMLReporter -->
<testsuite ignored="2" hostname="VijayTYSS" failures="0" tests="2" name="Test" time="0.065" errors="0" timestamp="2023-10-16T15:03:04 IST">
  <testcase classname="Groups.GroupTest" name="test1" time="0.01"/>
  <testcase classname="Groups.GroupTest" name="test4" time="0.001"/>
  <testcase classname="Groups.GroupTest" name="test2" time="0.0">
    <ignored/>
  </testcase> <!-- test2 -->
  <testcase classname="Groups.GroupTest" name="test3" time="0.0">
    <ignored/>
  </testcase> <!-- test3 -->
</testsuite> <!-- Test -->
