<?xml version="1.0" encoding="UTF-8"?>
<testsuite xmlns:xsi="http://www.w3.org/2001/XMLSchema-instance" xsi:noNamespaceSchemaLocation="https://maven.apache.org/surefire/maven-surefire-plugin/xsd/surefire-test-report-3.0.xsd" version="3.0" name="Groups.GroupTest" time="0.594" tests="4" errors="0" skipped="0" failures="0">
  <properties>
[...]
</properties>
  <testcase name="test1" classname="Groups.GroupTest" time="0.011">
    <system-out><![CDATA[Test 1 is test1
]]></system-out>
    <system-err><![CDATA[SLF4J: Failed to load class "org.slf4j.impl.StaticLoggerBinder".
SLF4J: Defaulting to no-operation (NOP) logger implementation
SLF4J: See http://www.slf4j.org/codes.html#StaticLoggerBinder for further details.
]]></system-err>
  </testcase>
  <testcase name="test2" classname="Groups.GroupTest" time="0.002">
    <system-out><![CDATA[Test 2 is test2
]]></system-out>
  </testcase>
  <testcase name="test3" classname="Groups.GroupTest" time="0.0">
    <system-out><![CDATA[Test 3 is test3
]]></system-out>
  </testcase>
  <testcase name="test4" classname="Groups.GroupTest" time="0.0">
    <system-out><![CDATA[Test 4 is test4
]]></system-out>
  </testcase>
</testsuite>