<?xml version="1.0" encoding="UTF-8"?>
<testng-results ignored="0" total="4" passed="4" failed="0" skipped="0">
  <reporter-output>
  </reporter-output>
  <suite started-at="2024-11-01T07:06:01 IST" name="Surefire suite" finished-at="2024-11-01T07:06:01 IST" duration-ms="42">
    <groups>
      <group name="Sanity">
        <method signature="GroupTest.test2()[pri:0, instance:Groups.GroupTest@53fb3dab]" name="test2" class="Groups.GroupTest"/>
      </group> <!-- Sanity -->
      <group name="Regression">
        <method signature="GroupTest.test3()[pri:0, instance:Groups.GroupTest@53fb3dab]" name="test3" class="Groups.GroupTest"/>
        <method signature="GroupTest.test4()[pri:0, instance:Groups.GroupTest@53fb3dab]" name="test4" class="Groups.GroupTest"/>
      </group> <!-- Regression -->
      <group name="Smoke">
        <method signature="GroupTest.test1()[pri:0, instance:Groups.GroupTest@53fb3dab]" name="test1" class="Groups.GroupTest"/>
        <method signature="GroupTest.test4()[pri:0, instance:Groups.GroupTest@53fb3dab]" name="test4" class="Groups.GroupTest"/>
      </group> <!-- Smoke -->
    </groups>
    <test started-at="2024-11-01T07:06:01 IST" name="Surefire test" finished-at="2024-11-01T07:06:01 IST" duration-ms="42">
      <class name="Groups.GroupTest">
        <test-method signature="test1()[pri:0, instance:Groups.GroupTest@53fb3dab]" started-at="2024-11-01T07:06:01 IST" name="test1" finished-at="2024-11-01T07:06:01 IST" duration-ms="10" status="PASS">
          <reporter-output>
          </reporter-output>
        </test-method> <!-- test1 -->
        <test-method signature="test2()[pri:0, instance:Groups.GroupTest@53fb3dab]" started-at="2024-11-01T07:06:01 IST" name="test2" finished-at="2024-11-01T07:06:01 IST" duration-ms="0" status="PASS">
          <reporter-output>
          </reporter-output>
        </test-method> <!-- test2 -->
        <test-method signature="test3()[pri:0, instance:Groups.GroupTest@53fb3dab]" started-at="2024-11-01T07:06:01 IST" name="test3" finished-at="2024-11-01T07:06:01 IST" duration-ms="0" status="PASS">
          <reporter-output>
          </reporter-output>
        </test-method> <!-- test3 -->
        <test-method signature="test4()[pri:0, instance:Groups.GroupTest@53fb3dab]" started-at="2024-11-01T07:06:01 IST" name="test4" finished-at="2024-11-01T07:06:01 IST" duration-ms="0" status="PASS">
          <reporter-output>
          </reporter-output>
        </test-method> <!-- test4 -->
      </class> <!-- Groups.GroupTest -->
    </test> <!-- Surefire test -->
  </suite> <!-- Surefire suite -->
</testng-results>
