<?xml version="1.0" encoding="UTF-8"?>
<!-- Generated by org.testng.reporters.JUnitXMLReporter -->
<testsuite ignored="0" hostname="VijayTYSS" failures="0" tests="5" name="Test4" time="70.507" errors="0" timestamp="2023-10-19T12:43:45 IST">
  <testcase classname="com.Banking.AddNewAccount.TC002_CreateCurrentAccount" name="login" time="1.276"/>
  <testcase classname="com.Banking.AddNewAccount.TC002_CreateCurrentAccount" name="manager" time="0.654"/>
  <testcase classname="com.Banking.AddNewAccount.TC002_CreateCurrentAccount" name="addNewCustomer" time="64.095">
    <skipped/>
  </testcase> <!-- addNewCustomer -->
  <testcase classname="com.Banking.AddNewAccount.TC002_CreateCurrentAccount" name="addNewCustomer" time="0.013">
    <skipped/>
  </testcase> <!-- addNewCustomer -->
  <testcase classname="com.Banking.AddNewAccount.TC002_CreateCurrentAccount" name="addNewCustomer" time="0.006">
    <skipped/>
  </testcase> <!-- addNewCustomer -->
</testsuite> <!-- Test4 -->
