<?xml version="1.0" encoding="UTF-8"?>
<!-- Generated by org.testng.reporters.JUnitXMLReporter -->
<testsuite ignored="0" hostname="VijayTYSS" failures="0" tests="11" name="Test2" time="58.211" errors="0" timestamp="2023-10-19T12:42:15 IST">
  <testcase classname="com.Banking.AddNewCustomer.TC002_addNewCustomerFunctionality" name="login" time="1.316"/>
  <testcase classname="com.Banking.AddNewCustomer.TC002_addNewCustomerFunctionality" name="manager" time="0.676"/>
  <testcase classname="com.Banking.AddNewCustomer.TC002_addNewCustomerFunctionality" name="addNewUser" time="0.983"/>
  <testcase classname="com.Banking.AddNewCustomer.TC001_AddnewUser" name="login" time="1.062"/>
  <testcase classname="com.Banking.AddNewCustomer.TC001_AddnewUser" name="manager" time="0.719"/>
  <testcase classname="com.Banking.AddNewCustomer.TC001_AddnewUser" name="addNewCustomer" time="2.814"/>
  <testcase classname="com.Banking.DeleteCustomer.TC001_DeleteCustomer" name="login" time="1.629"/>
  <testcase classname="com.Banking.DeleteCustomer.TC001_DeleteCustomer" name="manager" time="0.574"/>
  <testcase classname="com.Banking.DeleteCustomer.TC001_DeleteCustomer" name="addNewCustomer" time="6.932"/>
  <testcase classname="com.Banking.DeleteCustomer.TC001_DeleteCustomer" name="deleteCustomer" time="20.172">
    <skipped/>
  </testcase> <!-- deleteCustomer -->
  <testcase classname="com.Banking.DeleteCustomer.TC001_DeleteCustomer" name="deleteCustomer" time="1.665"/>
</testsuite> <!-- Test2 -->
