<?xml version="1.0" encoding="UTF-8"?>
<!-- Generated by org.testng.reporters.JUnitXMLReporter -->
<testsuite ignored="0" hostname="VijayTYSS" failures="0" tests="4" name="Test3" time="19.401" errors="0" timestamp="2023-10-19T12:42:34 IST">
  <testcase classname="com.Banking.LoginModule.TC002_functionalityOfLogin" name="loginfunctionality" time="0.625"/>
  <testcase classname="com.Banking.LoginModule.TC001_LogintoApplication" name="login" time="1.249"/>
  <testcase classname="com.Banking.Manager.TC001_LoginasManager" name="login" time="1.277"/>
  <testcase classname="com.Banking.Manager.TC001_LoginasManager" name="mangager" time="0.551"/>
</testsuite> <!-- Test3 -->
