<?xml version="1.0" encoding="UTF-8"?>
<!-- Generated by org.testng.reporters.JUnitXMLReporter -->
<testsuite ignored="0" hostname="VijayTYSS" failures="0" tests="9" name="Test1" time="18.088" errors="0" timestamp="2023-10-19T12:41:17 IST">
  <testcase classname="com.Banking.EditCustomer.TC001_EditCustomer" name="login" time="1.208"/>
  <testcase classname="com.Banking.FundTransfer.TC001_FundTransfer" name="login" time="2.294"/>
  <testcase classname="com.Banking.Withdrawl.TC001_WithdrawMoney" name="login" time="2.16"/>
  <testcase classname="com.Banking.EditCustomer.TC001_EditCustomer" name="manager" time="0.874"/>
  <testcase classname="com.Banking.Withdrawl.TC001_WithdrawMoney" name="manager" time="0.815"/>
  <testcase classname="com.Banking.FundTransfer.TC001_FundTransfer" name="manager" time="1.099"/>
  <testcase classname="com.Banking.EditCustomer.TC001_EditCustomer" name="editCustomer" time="0.906"/>
  <testcase classname="com.Banking.FundTransfer.TC001_FundTransfer" name="fundTransfer" time="0.771"/>
  <testcase classname="com.Banking.Withdrawl.TC001_WithdrawMoney" name="withdraw" time="1.394"/>
</testsuite> <!-- Test1 -->
