<?xml version="1.0" encoding="UTF-8"?>
<!-- Generated by org.testng.reporters.JUnitXMLReporter -->
<testsuite ignored="0" hostname="VijayTYSS" failures="0" tests="6" name="Test5" time="62.783" errors="0" timestamp="2023-10-18T16:38:51 IST">
  <testcase classname="com.Banking.DeleteAccount.TC001_DeleteAccount" name="login" time="2.166"/>
  <testcase classname="com.Banking.DeleteAccount.TC001_DeleteAccount" name="manager" time="1.226"/>
  <testcase classname="com.Banking.DeleteAccount.TC001_DeleteAccount" name="deleteAccount" time="0.557"/>
  <testcase classname="com.Banking.EditAccount.TC001_EditAccount" name="login" time="1.951"/>
  <testcase classname="com.Banking.EditAccount.TC001_EditAccount" name="manager" time="1.726"/>
  <testcase classname="com.Banking.EditAccount.TC001_EditAccount" name="editAccount" time="0.617"/>
</testsuite> <!-- Test5 -->
